Arguments: 
  C:\Program Files\nodejs\node.exe C:\Program Files (x86)\Yarn\bin\yarn.js init

PATH: 
  C:\ProgramData\Oracle\Java\javapath;C:\Perl64\site\bin;C:\Perl64\bin;C:\Program Files (x86)\Razer Chroma SDK\bin;C:\Program Files\Razer Chroma SDK\bin;C:\WINDOWS\system32;C:\WINDOWS;C:\WINDOWS\System32\Wbem;C:\WINDOWS\System32\WindowsPowerShell\v1.0\;C:\Program Files (x86)\NVIDIA Corporation\PhysX\Common;C:\Users\Bill\AppData\Local\Microsoft\WindowsApps;C:\Program Files (x86)\Skype\Phone\;C:\WINDOWS\system32;C:\WINDOWS;C:\WINDOWS\System32\Wbem;C:\WINDOWS\System32\WindowsPowerShell\v1.0\;C:\Users\Bill\AppData\Local\Programs\Python\Python36-32;C:\Program Files\Git\cmd;C:\Go\bin;C:\Program Files\Java\jdk-9.0.1\bin;C:\Program Files (x86)\QuickTime\QTSystem\;C:\WINDOWS\System32\OpenSSH\;C:\Program Files\nodejs\;C:\Program Files (x86)\Yarn\bin\;C:\ProgramData\Oracle\Java\javapath;C:\Perl64\site\bin;C:\Perl64\bin;C:\Program Files (x86)\Razer Chroma SDK\bin;C:\Program Files\Razer Chroma SDK\bin;C:\WINDOWS\system32;C:\WINDOWS;C:\WINDOWS\System32\Wbem;C:\WINDOWS\System32\WindowsPowerShell\v1.0\;C:\Program Files (x86)\NVIDIA Corporation\PhysX\Common;C:\Users\Bill\AppData\Local\Microsoft\WindowsApps;C:\Program Files (x86)\Skype\Phone\;C:\Users\Bill\AppData\Local\Programs\Python\Python36-32;C:\Users\Bill\AppData\Local\atom\bin;C:\Users\Bill\AppData\Local\Microsoft\WindowsApps;C:\Users\Bill\AppData\Roaming\npm;C:\Users\Bill\AppData\Local\Yarn\bin

Yarn version: 
  1.7.0

Node version: 
  8.11.2

Platform: 
  win32 x64

Trace: 
  Error: canceled
      at Interface.<anonymous> (C:\Program Files (x86)\Yarn\lib\cli.js:131036:13)
      at emitNone (events.js:106:13)
      at Interface.emit (events.js:208:7)
      at Interface._ttyWrite (readline.js:774:16)
      at ReadStream.onkeypress (readline.js:158:10)
      at emitTwo (events.js:126:13)
      at ReadStream.emit (events.js:214:7)
      at emitKeys (internal/readline.js:420:14)
      at emitKeys.next (<anonymous>)
      at ReadStream.onData (readline.js:1010:36)

npm manifest: 
  {
    "title": "SB Admin",
    "name": "1718_valuqo",
    "version": "4.0.0",
    "description": "A one page app landing page HTML theme for Bootstrap.",
    "keywords": [
      "css",
      "sass",
      "html",
      "responsive",
      "theme",
      "template",
      "admin",
      "app"
    ],
    "homepage": "https://startbootstrap.com/template-overviews/sb-admin",
    "bugs": {
      "url": "https://github.com/BlackrockDigital/startbootstrap-sb-admin/issues",
      "email": "feedback@startbootstrap.com"
    },
    "license": "MIT",
    "author": "Start Bootstrap",
    "contributors": [
      "David Miller (http://davidmiller.io/)"
    ],
    "repository": {
      "type": "git",
      "url": "git+https://github.com/BlackrockDigital/startbootstrap-sb-admin.git"
    },
    "dependencies": {
      "bootstrap": "4.0.0",
      "chart.js": "2.7.1",
      "datatables.net-bs4": "1.10.16",
      "font-awesome": "4.7.0",
      "jquery": "3.3.0",
      "jquery.easing": "^1.4.1",
      "popper.js": "^1.12.9"
    },
    "devDependencies": {
      "browser-sync": "2.23.5",
      "gulp": "^3.9.1",
      "gulp-clean-css": "3.9.2",
      "gulp-header": "2.0.1",
      "gulp-html-beautify": "^1.0.1",
      "gulp-pug": "^3.3.0",
      "gulp-rename": "^1.2.2",
      "gulp-sass": "^3.1.0",
      "gulp-uglify": "3.0.0"
    },
    "scripts": {
      "start": "node server.js"
    },
    "main": "server.js"
  }

yarn manifest: 
  No manifest

Lockfile: 
  No lockfile
